{"C:\\Users\\hwwa\\Documents\\GitHub\\yhs\\cart.js": {"path":"C:\\Users\\hwwa\\Documents\\GitHub\\yhs\\cart.js","statementMap":{"0":{"start":{"line":2,"column":13},"end":{"line":13,"column":1}},"1":{"start":{"line":4,"column":27},"end":{"line":4,"column":42}},"2":{"start":{"line":6,"column":32},"end":{"line":6,"column":71}},"3":{"start":{"line":6,"column":52},"end":{"line":6,"column":70}},"4":{"start":{"line":8,"column":28},"end":{"line":8,"column":75}},"5":{"start":{"line":8,"column":55},"end":{"line":8,"column":71}},"6":{"start":{"line":10,"column":34},"end":{"line":10,"column":64}},"7":{"start":{"line":12,"column":15},"end":{"line":12,"column":17}},"8":{"start":{"line":15,"column":0},"end":{"line":15,"column":22}}},"fnMap":{"0":{"name":"(anonymous_0)","decl":{"start":{"line":4,"column":11},"end":{"line":4,"column":12}},"loc":{"start":{"line":4,"column":27},"end":{"line":4,"column":42}},"line":4},"1":{"name":"(anonymous_1)","decl":{"start":{"line":6,"column":14},"end":{"line":6,"column":15}},"loc":{"start":{"line":6,"column":32},"end":{"line":6,"column":71}},"line":6},"2":{"name":"(anonymous_2)","decl":{"start":{"line":6,"column":44},"end":{"line":6,"column":45}},"loc":{"start":{"line":6,"column":52},"end":{"line":6,"column":70}},"line":6},"3":{"name":"(anonymous_3)","decl":{"start":{"line":8,"column":18},"end":{"line":8,"column":19}},"loc":{"start":{"line":8,"column":28},"end":{"line":8,"column":75}},"line":8},"4":{"name":"(anonymous_4)","decl":{"start":{"line":8,"column":40},"end":{"line":8,"column":41}},"loc":{"start":{"line":8,"column":55},"end":{"line":8,"column":71}},"line":8},"5":{"name":"(anonymous_5)","decl":{"start":{"line":10,"column":17},"end":{"line":10,"column":18}},"loc":{"start":{"line":10,"column":34},"end":{"line":10,"column":64}},"line":10},"6":{"name":"(anonymous_6)","decl":{"start":{"line":12,"column":9},"end":{"line":12,"column":10}},"loc":{"start":{"line":12,"column":15},"end":{"line":12,"column":17}},"line":12}},"branchMap":{},"s":{"0":1,"1":2,"2":1,"3":2,"4":2,"5":4,"6":1,"7":1,"8":1},"f":{"0":2,"1":1,"2":2,"3":2,"4":4,"5":1,"6":1},"b":{},"_coverageSchema":"1a1c01bbd47fc00a2c39e90264f33305004495a9","hash":"192a012e6a3bb34070fa824e53b0abf8aa8dd08c"}
}
